<?xml version="1.0" encoding="UTF-8"?>
<!-- Generated by org.testng.reporters.JUnitReportReporter -->
<testsuite hostname="INLEN8520029895" failures="0" tests="1" name="testRunner.TestRunner" time="8.157" errors="1" timestamp="2024-06-20T18:33:45 IST" skipped="0">
  <testcase classname="testRunner.TestRunner" name="runScenario" time="8.157">
    <error message="Cannot invoke &quot;org.openqa.selenium.TakesScreenshot.getScreenshotAs(org.openqa.selenium.OutputType)&quot; because &quot;ts&quot; is null" type="java.lang.NullPointerException">
      <![CDATA[java.lang.NullPointerException: Cannot invoke "org.openqa.selenium.TakesScreenshot.getScreenshotAs(org.openqa.selenium.OutputType)" because "ts" is null
at stepDefinitions.Hooks.TakeScreenshotForEachStep(Hooks.java:44)
]]>
    </error>
  </testcase> <!-- runScenario -->
  <system-out/>
</testsuite> <!-- testRunner.TestRunner -->
